Drill report for C:\Users\Usuario\Documents\projetos_git\proj_kicad_esp32_energy_consumption\esp32_energy_monitor.kicad_pcb
Created on 02/08/2020 15:41:59

Copper Layer Stackup:
    =============================================================
    L1 :  F.Cu                      front
    L2 :  Ground_Plane              in1
    L3 :  Power_Plane               in2
    L4 :  B.Cu                      back


Drill file 'esp32_energy_monitor-PTH.drl' contains
    plated through holes:
    =============================================================
    T1  0.30mm  0.012"  (96 holes)
    T2  0.50mm  0.020"  (2 holes)  (with 2 slots)
    T3  0.85mm  0.033"  (2 holes)
    T4  1.00mm  0.039"  (38 holes)

    Total plated holes count 138


Drill file 'esp32_energy_monitor-NPTH.drl' contains
    unplated through holes:
    =============================================================
    T1  2.20mm  0.087"  (4 holes)

    Total unplated holes count 4
